<?xml version="1.0" encoding="UTF-8"?>
<!-- Generated by org.testng.reporters.JUnitReportReporter -->
<testsuite hostname="Yuanhans-MacBook-Air.local" failures="0" tests="4" name="iOS.tests_iOS" time="9.905" errors="3" timestamp="2020-01-01T15:18:58 EST" skipped="0">
  <testcase classname="iOS.tests_iOS" name="login1" time="1.023"/>
  <system-out/>
  <testcase classname="iOS.tests_iOS" name="test_3" time="8.496">
    <error message="The element &#039;&quot;backArrow&quot; Button&#039; is not visible on the screen and thus is not interactable
Build info: version: &#039;3.141.59&#039;, revision: &#039;e82be7d358&#039;, time: &#039;2018-11-14T08:17:03&#039;
System info: host: &#039;Yuanhans-MacBook-Air.local&#039;, ip: &#039;fe80:0:0:0:1851:e74e:b11:edcb%en0&#039;, os.name: &#039;Mac OS X&#039;, os.arch: &#039;x86_64&#039;, os.version: &#039;10.14.6&#039;, java.version: &#039;13.0.1&#039;
Driver info: io.appium.java_client.AppiumDriver
Capabilities {app: /Users/kobiton/Library/Appl..., appOS: IOS, appUrl: https://kobiton-us-east.s3...., appVersionId: 52785, automationName: XCUITest, browserName: , captureScreenshots: true, databaseEnabled: false, deviceGroup: KOBITON, deviceName: iPhone XS Max, deviceOrientation: portrait, fullReset: false, groupId: 838, javascriptEnabled: true, kobitonSessionId: 1302542, launchTimeout: 20000, locationContextEnabled: false, networkConnectionEnabled: false, noReset: true, orientation: PORTRAIT, platform: MAC, platformName: iOS, platformVersion: 12.1, sessionDescription: , sessionName: Automation test session, takesScreenshot: true, udid: 00008020-00161832229A002E, useNewWDA: true, useXctestrunFile: true, versions: {appiumVersion: 1.14.2, nodeVersion: v10.11.0}, wdaLocalPort: 49447, webStorageEnabled: false, xctestrunFilePath: /Users/kobiton/Library/Appl...}
Session ID: d8621664-59b2-4832-9c0f-80f72accfa08" type="org.openqa.selenium.ElementNotVisibleException">
      <![CDATA[org.openqa.selenium.ElementNotVisibleException: The element '"backArrow" Button' is not visible on the screen and thus is not interactable
Build info: version: '3.141.59', revision: 'e82be7d358', time: '2018-11-14T08:17:03'
System info: host: 'Yuanhans-MacBook-Air.local', ip: 'fe80:0:0:0:1851:e74e:b11:edcb%en0', os.name: 'Mac OS X', os.arch: 'x86_64', os.version: '10.14.6', java.version: '13.0.1'
Driver info: io.appium.java_client.AppiumDriver
Capabilities {app: /Users/kobiton/Library/Appl..., appOS: IOS, appUrl: https://kobiton-us-east.s3...., appVersionId: 52785, automationName: XCUITest, browserName: , captureScreenshots: true, databaseEnabled: false, deviceGroup: KOBITON, deviceName: iPhone XS Max, deviceOrientation: portrait, fullReset: false, groupId: 838, javascriptEnabled: true, kobitonSessionId: 1302542, launchTimeout: 20000, locationContextEnabled: false, networkConnectionEnabled: false, noReset: true, orientation: PORTRAIT, platform: MAC, platformName: iOS, platformVersion: 12.1, sessionDescription: , sessionName: Automation test session, takesScreenshot: true, udid: 00008020-00161832229A002E, useNewWDA: true, useXctestrunFile: true, versions: {appiumVersion: 1.14.2, nodeVersion: v10.11.0}, wdaLocalPort: 49447, webStorageEnabled: false, xctestrunFilePath: /Users/kobiton/Library/Appl...}
Session ID: d8621664-59b2-4832-9c0f-80f72accfa08
at java.base/jdk.internal.reflect.NativeConstructorAccessorImpl.newInstance0(Native Method)
at java.base/jdk.internal.reflect.NativeConstructorAccessorImpl.newInstance(NativeConstructorAccessorImpl.java:62)
at java.base/jdk.internal.reflect.DelegatingConstructorAccessorImpl.newInstance(DelegatingConstructorAccessorImpl.java:45)
at java.base/java.lang.reflect.Constructor.newInstanceWithCaller(Constructor.java:500)
at java.base/java.lang.reflect.Constructor.newInstance(Constructor.java:481)
at org.openqa.selenium.remote.http.W3CHttpResponseCodec.createException(W3CHttpResponseCodec.java:187)
at org.openqa.selenium.remote.http.W3CHttpResponseCodec.decode(W3CHttpResponseCodec.java:122)
at org.openqa.selenium.remote.http.W3CHttpResponseCodec.decode(W3CHttpResponseCodec.java:49)
at org.openqa.selenium.remote.HttpCommandExecutor.execute(HttpCommandExecutor.java:158)
at io.appium.java_client.remote.AppiumCommandExecutor.execute(AppiumCommandExecutor.java:239)
at org.openqa.selenium.remote.RemoteWebDriver.execute(RemoteWebDriver.java:552)
at io.appium.java_client.DefaultGenericMobileDriver.execute(DefaultGenericMobileDriver.java:41)
at io.appium.java_client.AppiumDriver.execute(AppiumDriver.java:1)
at org.openqa.selenium.remote.RemoteWebElement.execute(RemoteWebElement.java:285)
at io.appium.java_client.DefaultGenericMobileElement.execute(DefaultGenericMobileElement.java:45)
at io.appium.java_client.MobileElement.execute(MobileElement.java:1)
at io.appium.java_client.ios.IOSElement.execute(IOSElement.java:1)
at org.openqa.selenium.remote.RemoteWebElement.sendKeys(RemoteWebElement.java:106)
at iOS.tests_iOS.test_3(tests_iOS.java:35)
at java.base/jdk.internal.reflect.NativeMethodAccessorImpl.invoke0(Native Method)
at java.base/jdk.internal.reflect.NativeMethodAccessorImpl.invoke(NativeMethodAccessorImpl.java:62)
at java.base/jdk.internal.reflect.DelegatingMethodAccessorImpl.invoke(DelegatingMethodAccessorImpl.java:43)
at java.base/java.lang.reflect.Method.invoke(Method.java:567)
at org.testng.internal.MethodInvocationHelper.invokeMethod(MethodInvocationHelper.java:134)
at org.testng.internal.TestInvoker.invokeMethod(TestInvoker.java:597)
at org.testng.internal.TestInvoker.invokeTestMethod(TestInvoker.java:173)
at org.testng.internal.MethodRunner.runInSequence(MethodRunner.java:46)
at org.testng.internal.TestInvoker$MethodInvocationAgent.invoke(TestInvoker.java:816)
at org.testng.internal.TestInvoker.invokeTestMethods(TestInvoker.java:146)
at org.testng.internal.TestMethodWorker.invokeTestMethods(TestMethodWorker.java:146)
at org.testng.internal.TestMethodWorker.run(TestMethodWorker.java:128)
at java.base/java.util.ArrayList.forEach(ArrayList.java:1507)
at org.testng.TestRunner.privateRun(TestRunner.java:766)
at org.testng.TestRunner.run(TestRunner.java:587)
at org.testng.SuiteRunner.runTest(SuiteRunner.java:384)
at org.testng.SuiteRunner.runSequentially(SuiteRunner.java:378)
at org.testng.SuiteRunner.privateRun(SuiteRunner.java:337)
at org.testng.SuiteRunner.run(SuiteRunner.java:286)
at org.testng.SuiteRunnerWorker.runSuite(SuiteRunnerWorker.java:53)
at org.testng.SuiteRunnerWorker.run(SuiteRunnerWorker.java:96)
at org.testng.TestNG.runSuitesSequentially(TestNG.java:1187)
at org.testng.TestNG.runSuitesLocally(TestNG.java:1109)
at org.testng.TestNG.runSuites(TestNG.java:1039)
at org.testng.TestNG.run(TestNG.java:1007)
at org.testng.remote.AbstractRemoteTestNG.run(AbstractRemoteTestNG.java:115)
at org.testng.remote.RemoteTestNG.initAndRun(RemoteTestNG.java:251)
at org.testng.remote.RemoteTestNG.main(RemoteTestNG.java:77)
]]>
    </error>
  </testcase> <!-- test_3 -->
  <system-out/>
  <testcase classname="iOS.tests_iOS" name="test_2" time="0.205">
    <error message="An element could not be located on the page using the given search parameters.
For documentation on this error, please visit: https://www.seleniumhq.org/exceptions/no_such_element.html
Build info: version: &#039;3.141.59&#039;, revision: &#039;e82be7d358&#039;, time: &#039;2018-11-14T08:17:03&#039;
System info: host: &#039;Yuanhans-MacBook-Air.local&#039;, ip: &#039;fe80:0:0:0:1851:e74e:b11:edcb%en0&#039;, os.name: &#039;Mac OS X&#039;, os.arch: &#039;x86_64&#039;, os.version: &#039;10.14.6&#039;, java.version: &#039;13.0.1&#039;
Driver info: io.appium.java_client.AppiumDriver
Capabilities {app: /Users/kobiton/Library/Appl..., appOS: IOS, appUrl: https://kobiton-us-east.s3...., appVersionId: 52785, automationName: XCUITest, browserName: , captureScreenshots: true, databaseEnabled: false, deviceGroup: KOBITON, deviceName: iPhone XS Max, deviceOrientation: portrait, fullReset: false, groupId: 838, javascriptEnabled: true, kobitonSessionId: 1302542, launchTimeout: 20000, locationContextEnabled: false, networkConnectionEnabled: false, noReset: true, orientation: PORTRAIT, platform: MAC, platformName: iOS, platformVersion: 12.1, sessionDescription: , sessionName: Automation test session, takesScreenshot: true, udid: 00008020-00161832229A002E, useNewWDA: true, useXctestrunFile: true, versions: {appiumVersion: 1.14.2, nodeVersion: v10.11.0}, wdaLocalPort: 49447, webStorageEnabled: false, xctestrunFilePath: /Users/kobiton/Library/Appl...}
Session ID: d8621664-59b2-4832-9c0f-80f72accfa08
*** Element info: {Using=id, value=73000000-0000-0000-A90A-000000000000}" type="org.openqa.selenium.NoSuchElementException">
      <![CDATA[org.openqa.selenium.NoSuchElementException: An element could not be located on the page using the given search parameters.
For documentation on this error, please visit: https://www.seleniumhq.org/exceptions/no_such_element.html
Build info: version: '3.141.59', revision: 'e82be7d358', time: '2018-11-14T08:17:03'
System info: host: 'Yuanhans-MacBook-Air.local', ip: 'fe80:0:0:0:1851:e74e:b11:edcb%en0', os.name: 'Mac OS X', os.arch: 'x86_64', os.version: '10.14.6', java.version: '13.0.1'
Driver info: io.appium.java_client.AppiumDriver
Capabilities {app: /Users/kobiton/Library/Appl..., appOS: IOS, appUrl: https://kobiton-us-east.s3...., appVersionId: 52785, automationName: XCUITest, browserName: , captureScreenshots: true, databaseEnabled: false, deviceGroup: KOBITON, deviceName: iPhone XS Max, deviceOrientation: portrait, fullReset: false, groupId: 838, javascriptEnabled: true, kobitonSessionId: 1302542, launchTimeout: 20000, locationContextEnabled: false, networkConnectionEnabled: false, noReset: true, orientation: PORTRAIT, platform: MAC, platformName: iOS, platformVersion: 12.1, sessionDescription: , sessionName: Automation test session, takesScreenshot: true, udid: 00008020-00161832229A002E, useNewWDA: true, useXctestrunFile: true, versions: {appiumVersion: 1.14.2, nodeVersion: v10.11.0}, wdaLocalPort: 49447, webStorageEnabled: false, xctestrunFilePath: /Users/kobiton/Library/Appl...}
Session ID: d8621664-59b2-4832-9c0f-80f72accfa08
*** Element info: {Using=id, value=73000000-0000-0000-A90A-000000000000}
at java.base/jdk.internal.reflect.NativeConstructorAccessorImpl.newInstance0(Native Method)
at java.base/jdk.internal.reflect.NativeConstructorAccessorImpl.newInstance(NativeConstructorAccessorImpl.java:62)
at java.base/jdk.internal.reflect.DelegatingConstructorAccessorImpl.newInstance(DelegatingConstructorAccessorImpl.java:45)
at java.base/java.lang.reflect.Constructor.newInstanceWithCaller(Constructor.java:500)
at java.base/java.lang.reflect.Constructor.newInstance(Constructor.java:481)
at org.openqa.selenium.remote.http.W3CHttpResponseCodec.createException(W3CHttpResponseCodec.java:187)
at org.openqa.selenium.remote.http.W3CHttpResponseCodec.decode(W3CHttpResponseCodec.java:122)
at org.openqa.selenium.remote.http.W3CHttpResponseCodec.decode(W3CHttpResponseCodec.java:49)
at org.openqa.selenium.remote.HttpCommandExecutor.execute(HttpCommandExecutor.java:158)
at io.appium.java_client.remote.AppiumCommandExecutor.execute(AppiumCommandExecutor.java:239)
at org.openqa.selenium.remote.RemoteWebDriver.execute(RemoteWebDriver.java:552)
at io.appium.java_client.DefaultGenericMobileDriver.execute(DefaultGenericMobileDriver.java:41)
at io.appium.java_client.AppiumDriver.execute(AppiumDriver.java:1)
at org.openqa.selenium.remote.RemoteWebDriver.findElement(RemoteWebDriver.java:323)
at io.appium.java_client.DefaultGenericMobileDriver.findElement(DefaultGenericMobileDriver.java:61)
at io.appium.java_client.AppiumDriver.findElement(AppiumDriver.java:1)
at org.openqa.selenium.remote.RemoteWebDriver.findElementById(RemoteWebDriver.java:372)
at io.appium.java_client.DefaultGenericMobileDriver.findElementById(DefaultGenericMobileDriver.java:69)
at io.appium.java_client.AppiumDriver.findElementById(AppiumDriver.java:1)
at org.openqa.selenium.By$ById.findElement(By.java:188)
at org.openqa.selenium.remote.RemoteWebDriver.findElement(RemoteWebDriver.java:315)
at io.appium.java_client.DefaultGenericMobileDriver.findElement(DefaultGenericMobileDriver.java:57)
at io.appium.java_client.AppiumDriver.findElement(AppiumDriver.java:1)
at iOS.tests_iOS.test_2(tests_iOS.java:25)
at java.base/jdk.internal.reflect.NativeMethodAccessorImpl.invoke0(Native Method)
at java.base/jdk.internal.reflect.NativeMethodAccessorImpl.invoke(NativeMethodAccessorImpl.java:62)
at java.base/jdk.internal.reflect.DelegatingMethodAccessorImpl.invoke(DelegatingMethodAccessorImpl.java:43)
at java.base/java.lang.reflect.Method.invoke(Method.java:567)
at org.testng.internal.MethodInvocationHelper.invokeMethod(MethodInvocationHelper.java:134)
at org.testng.internal.TestInvoker.invokeMethod(TestInvoker.java:597)
at org.testng.internal.TestInvoker.invokeTestMethod(TestInvoker.java:173)
at org.testng.internal.MethodRunner.runInSequence(MethodRunner.java:46)
at org.testng.internal.TestInvoker$MethodInvocationAgent.invoke(TestInvoker.java:816)
at org.testng.internal.TestInvoker.invokeTestMethods(TestInvoker.java:146)
at org.testng.internal.TestMethodWorker.invokeTestMethods(TestMethodWorker.java:146)
at org.testng.internal.TestMethodWorker.run(TestMethodWorker.java:128)
at java.base/java.util.ArrayList.forEach(ArrayList.java:1507)
at org.testng.TestRunner.privateRun(TestRunner.java:766)
at org.testng.TestRunner.run(TestRunner.java:587)
at org.testng.SuiteRunner.runTest(SuiteRunner.java:384)
at org.testng.SuiteRunner.runSequentially(SuiteRunner.java:378)
at org.testng.SuiteRunner.privateRun(SuiteRunner.java:337)
at org.testng.SuiteRunner.run(SuiteRunner.java:286)
at org.testng.SuiteRunnerWorker.runSuite(SuiteRunnerWorker.java:53)
at org.testng.SuiteRunnerWorker.run(SuiteRunnerWorker.java:96)
at org.testng.TestNG.runSuitesSequentially(TestNG.java:1187)
at org.testng.TestNG.runSuitesLocally(TestNG.java:1109)
at org.testng.TestNG.runSuites(TestNG.java:1039)
at org.testng.TestNG.run(TestNG.java:1007)
at org.testng.remote.AbstractRemoteTestNG.run(AbstractRemoteTestNG.java:115)
at org.testng.remote.RemoteTestNG.initAndRun(RemoteTestNG.java:251)
at org.testng.remote.RemoteTestNG.main(RemoteTestNG.java:77)
]]>
    </error>
  </testcase> <!-- test_2 -->
  <system-out/>
  <testcase classname="iOS.tests_iOS" name="test_4" time="0.181">
    <error message="An element could not be located on the page using the given search parameters.
For documentation on this error, please visit: https://www.seleniumhq.org/exceptions/no_such_element.html
Build info: version: &#039;3.141.59&#039;, revision: &#039;e82be7d358&#039;, time: &#039;2018-11-14T08:17:03&#039;
System info: host: &#039;Yuanhans-MacBook-Air.local&#039;, ip: &#039;fe80:0:0:0:1851:e74e:b11:edcb%en0&#039;, os.name: &#039;Mac OS X&#039;, os.arch: &#039;x86_64&#039;, os.version: &#039;10.14.6&#039;, java.version: &#039;13.0.1&#039;
Driver info: io.appium.java_client.AppiumDriver
Capabilities {app: /Users/kobiton/Library/Appl..., appOS: IOS, appUrl: https://kobiton-us-east.s3...., appVersionId: 52785, automationName: XCUITest, browserName: , captureScreenshots: true, databaseEnabled: false, deviceGroup: KOBITON, deviceName: iPhone XS Max, deviceOrientation: portrait, fullReset: false, groupId: 838, javascriptEnabled: true, kobitonSessionId: 1302542, launchTimeout: 20000, locationContextEnabled: false, networkConnectionEnabled: false, noReset: true, orientation: PORTRAIT, platform: MAC, platformName: iOS, platformVersion: 12.1, sessionDescription: , sessionName: Automation test session, takesScreenshot: true, udid: 00008020-00161832229A002E, useNewWDA: true, useXctestrunFile: true, versions: {appiumVersion: 1.14.2, nodeVersion: v10.11.0}, wdaLocalPort: 49447, webStorageEnabled: false, xctestrunFilePath: /Users/kobiton/Library/Appl...}
Session ID: d8621664-59b2-4832-9c0f-80f72accfa08
*** Element info: {Using=name, value=Log in}" type="org.openqa.selenium.NoSuchElementException">
      <![CDATA[org.openqa.selenium.NoSuchElementException: An element could not be located on the page using the given search parameters.
For documentation on this error, please visit: https://www.seleniumhq.org/exceptions/no_such_element.html
Build info: version: '3.141.59', revision: 'e82be7d358', time: '2018-11-14T08:17:03'
System info: host: 'Yuanhans-MacBook-Air.local', ip: 'fe80:0:0:0:1851:e74e:b11:edcb%en0', os.name: 'Mac OS X', os.arch: 'x86_64', os.version: '10.14.6', java.version: '13.0.1'
Driver info: io.appium.java_client.AppiumDriver
Capabilities {app: /Users/kobiton/Library/Appl..., appOS: IOS, appUrl: https://kobiton-us-east.s3...., appVersionId: 52785, automationName: XCUITest, browserName: , captureScreenshots: true, databaseEnabled: false, deviceGroup: KOBITON, deviceName: iPhone XS Max, deviceOrientation: portrait, fullReset: false, groupId: 838, javascriptEnabled: true, kobitonSessionId: 1302542, launchTimeout: 20000, locationContextEnabled: false, networkConnectionEnabled: false, noReset: true, orientation: PORTRAIT, platform: MAC, platformName: iOS, platformVersion: 12.1, sessionDescription: , sessionName: Automation test session, takesScreenshot: true, udid: 00008020-00161832229A002E, useNewWDA: true, useXctestrunFile: true, versions: {appiumVersion: 1.14.2, nodeVersion: v10.11.0}, wdaLocalPort: 49447, webStorageEnabled: false, xctestrunFilePath: /Users/kobiton/Library/Appl...}
Session ID: d8621664-59b2-4832-9c0f-80f72accfa08
*** Element info: {Using=name, value=Log in}
at java.base/jdk.internal.reflect.NativeConstructorAccessorImpl.newInstance0(Native Method)
at java.base/jdk.internal.reflect.NativeConstructorAccessorImpl.newInstance(NativeConstructorAccessorImpl.java:62)
at java.base/jdk.internal.reflect.DelegatingConstructorAccessorImpl.newInstance(DelegatingConstructorAccessorImpl.java:45)
at java.base/java.lang.reflect.Constructor.newInstanceWithCaller(Constructor.java:500)
at java.base/java.lang.reflect.Constructor.newInstance(Constructor.java:481)
at org.openqa.selenium.remote.http.W3CHttpResponseCodec.createException(W3CHttpResponseCodec.java:187)
at org.openqa.selenium.remote.http.W3CHttpResponseCodec.decode(W3CHttpResponseCodec.java:122)
at org.openqa.selenium.remote.http.W3CHttpResponseCodec.decode(W3CHttpResponseCodec.java:49)
at org.openqa.selenium.remote.HttpCommandExecutor.execute(HttpCommandExecutor.java:158)
at io.appium.java_client.remote.AppiumCommandExecutor.execute(AppiumCommandExecutor.java:239)
at org.openqa.selenium.remote.RemoteWebDriver.execute(RemoteWebDriver.java:552)
at io.appium.java_client.DefaultGenericMobileDriver.execute(DefaultGenericMobileDriver.java:41)
at io.appium.java_client.AppiumDriver.execute(AppiumDriver.java:1)
at org.openqa.selenium.remote.RemoteWebDriver.findElement(RemoteWebDriver.java:323)
at io.appium.java_client.DefaultGenericMobileDriver.findElement(DefaultGenericMobileDriver.java:61)
at io.appium.java_client.AppiumDriver.findElement(AppiumDriver.java:1)
at org.openqa.selenium.remote.RemoteWebDriver.findElementByName(RemoteWebDriver.java:404)
at io.appium.java_client.DefaultGenericMobileDriver.findElementByName(DefaultGenericMobileDriver.java:117)
at io.appium.java_client.AppiumDriver.findElementByName(AppiumDriver.java:1)
at org.openqa.selenium.By$ByName.findElement(By.java:284)
at org.openqa.selenium.remote.RemoteWebDriver.findElement(RemoteWebDriver.java:315)
at io.appium.java_client.DefaultGenericMobileDriver.findElement(DefaultGenericMobileDriver.java:57)
at io.appium.java_client.AppiumDriver.findElement(AppiumDriver.java:1)
at iOS.tests_iOS.test_4(tests_iOS.java:42)
at java.base/jdk.internal.reflect.NativeMethodAccessorImpl.invoke0(Native Method)
at java.base/jdk.internal.reflect.NativeMethodAccessorImpl.invoke(NativeMethodAccessorImpl.java:62)
at java.base/jdk.internal.reflect.DelegatingMethodAccessorImpl.invoke(DelegatingMethodAccessorImpl.java:43)
at java.base/java.lang.reflect.Method.invoke(Method.java:567)
at org.testng.internal.MethodInvocationHelper.invokeMethod(MethodInvocationHelper.java:134)
at org.testng.internal.TestInvoker.invokeMethod(TestInvoker.java:597)
at org.testng.internal.TestInvoker.invokeTestMethod(TestInvoker.java:173)
at org.testng.internal.MethodRunner.runInSequence(MethodRunner.java:46)
at org.testng.internal.TestInvoker$MethodInvocationAgent.invoke(TestInvoker.java:816)
at org.testng.internal.TestInvoker.invokeTestMethods(TestInvoker.java:146)
at org.testng.internal.TestMethodWorker.invokeTestMethods(TestMethodWorker.java:146)
at org.testng.internal.TestMethodWorker.run(TestMethodWorker.java:128)
at java.base/java.util.ArrayList.forEach(ArrayList.java:1507)
at org.testng.TestRunner.privateRun(TestRunner.java:766)
at org.testng.TestRunner.run(TestRunner.java:587)
at org.testng.SuiteRunner.runTest(SuiteRunner.java:384)
at org.testng.SuiteRunner.runSequentially(SuiteRunner.java:378)
at org.testng.SuiteRunner.privateRun(SuiteRunner.java:337)
at org.testng.SuiteRunner.run(SuiteRunner.java:286)
at org.testng.SuiteRunnerWorker.runSuite(SuiteRunnerWorker.java:53)
at org.testng.SuiteRunnerWorker.run(SuiteRunnerWorker.java:96)
at org.testng.TestNG.runSuitesSequentially(TestNG.java:1187)
at org.testng.TestNG.runSuitesLocally(TestNG.java:1109)
at org.testng.TestNG.runSuites(TestNG.java:1039)
at org.testng.TestNG.run(TestNG.java:1007)
at org.testng.remote.AbstractRemoteTestNG.run(AbstractRemoteTestNG.java:115)
at org.testng.remote.RemoteTestNG.initAndRun(RemoteTestNG.java:251)
at org.testng.remote.RemoteTestNG.main(RemoteTestNG.java:77)
]]>
    </error>
  </testcase> <!-- test_4 -->
  <system-out/>
</testsuite> <!-- iOS.tests_iOS -->
