<?xml version="1.0" encoding="UTF-8"?>
<!-- Generated by org.testng.reporters.JUnitReportReporter -->
<testsuite hostname="Yuanhans-MacBook-Air.local" failures="0" tests="28" name="simulator.Tests_Sim" time="223.720" errors="1" timestamp="2020-01-10T16:06:23 EST" skipped="0">
  <testcase classname="simulator.Tests_Sim" name="login" time="15.703"/>
  <system-out/>
  <testcase classname="simulator.Tests_Sim" name="welcome" time="10.337"/>
  <system-out/>
  <testcase classname="simulator.Tests_Sim" name="CalendarMed" time="3.144"/>
  <system-out/>
  <testcase classname="simulator.Tests_Sim" name="CalendarAct" time="5.095"/>
  <system-out/>
  <testcase classname="simulator.Tests_Sim" name="MedActEmp" time="2.543"/>
  <system-out/>
  <testcase classname="simulator.Tests_Sim" name="MedPstEmp" time="3.486"/>
  <system-out/>
  <testcase classname="simulator.Tests_Sim" name="MedAdd" time="19.465"/>
  <system-out/>
  <testcase classname="simulator.Tests_Sim" name="MedAct" time="3.777"/>
  <system-out/>
  <testcase classname="simulator.Tests_Sim" name="MedRev" time="7.028"/>
  <system-out/>
  <testcase classname="simulator.Tests_Sim" name="MedTake" time="8.238"/>
  <system-out/>
  <testcase classname="simulator.Tests_Sim" name="MedRem" time="7.299"/>
  <system-out/>
  <testcase classname="simulator.Tests_Sim" name="MedPst" time="5.778"/>
  <system-out/>
  <testcase classname="simulator.Tests_Sim" name="TrackNew" time="2.296"/>
  <system-out/>
  <testcase classname="simulator.Tests_Sim" name="TrackAdd" time="15.770"/>
  <system-out/>
  <testcase classname="simulator.Tests_Sim" name="TrackHome" time="2.671"/>
  <system-out/>
  <testcase classname="simulator.Tests_Sim" name="TrackReview" time="4.318"/>
  <system-out/>
  <testcase classname="simulator.Tests_Sim" name="Articles" time="7.069"/>
  <system-out/>
  <testcase classname="simulator.Tests_Sim" name="DiscussHome" time="13.065"/>
  <system-out/>
  <testcase classname="simulator.Tests_Sim" name="DiscussSearch" time="9.358"/>
  <system-out/>
  <testcase classname="simulator.Tests_Sim" name="DiscussNew" time="10.405"/>
  <system-out/>
  <testcase classname="simulator.Tests_Sim" name="DiscussComment" time="5.546"/>
  <system-out/>
  <testcase classname="simulator.Tests_Sim" name="DiscussNotif" time="16.349">
    <error message="Expected condition failed: waiting for visibility of element located by By.IosNsPredicate: type == &#039;XCUIElementTypeNavigationBar&#039; AND label == &#039;Notifications&#039; (tried for 10 second(s) with 500 milliseconds interval)" type="org.openqa.selenium.TimeoutException">
      <![CDATA[org.openqa.selenium.TimeoutException: Expected condition failed: waiting for visibility of element located by By.IosNsPredicate: type == 'XCUIElementTypeNavigationBar' AND label == 'Notifications' (tried for 10 second(s) with 500 milliseconds interval)
at org.openqa.selenium.support.ui.WebDriverWait.timeoutException(WebDriverWait.java:95)
at org.openqa.selenium.support.ui.FluentWait.until(FluentWait.java:272)
at simulator.Tests_Sim.DiscussNotif(Tests_Sim.java:400)
at java.base/jdk.internal.reflect.NativeMethodAccessorImpl.invoke0(Native Method)
at java.base/jdk.internal.reflect.NativeMethodAccessorImpl.invoke(NativeMethodAccessorImpl.java:62)
at java.base/jdk.internal.reflect.DelegatingMethodAccessorImpl.invoke(DelegatingMethodAccessorImpl.java:43)
at java.base/java.lang.reflect.Method.invoke(Method.java:567)
at org.testng.internal.MethodInvocationHelper.invokeMethod(MethodInvocationHelper.java:134)
at org.testng.internal.TestInvoker.invokeMethod(TestInvoker.java:597)
at org.testng.internal.TestInvoker.invokeTestMethod(TestInvoker.java:173)
at org.testng.internal.MethodRunner.runInSequence(MethodRunner.java:46)
at org.testng.internal.TestInvoker$MethodInvocationAgent.invoke(TestInvoker.java:816)
at org.testng.internal.TestInvoker.invokeTestMethods(TestInvoker.java:146)
at org.testng.internal.TestMethodWorker.invokeTestMethods(TestMethodWorker.java:146)
at org.testng.internal.TestMethodWorker.run(TestMethodWorker.java:128)
at java.base/java.util.ArrayList.forEach(ArrayList.java:1507)
at org.testng.TestRunner.privateRun(TestRunner.java:766)
at org.testng.TestRunner.run(TestRunner.java:587)
at org.testng.SuiteRunner.runTest(SuiteRunner.java:384)
at org.testng.SuiteRunner.runSequentially(SuiteRunner.java:378)
at org.testng.SuiteRunner.privateRun(SuiteRunner.java:337)
at org.testng.SuiteRunner.run(SuiteRunner.java:286)
at org.testng.SuiteRunnerWorker.runSuite(SuiteRunnerWorker.java:53)
at org.testng.SuiteRunnerWorker.run(SuiteRunnerWorker.java:96)
at org.testng.TestNG.runSuitesSequentially(TestNG.java:1187)
at org.testng.TestNG.runSuitesLocally(TestNG.java:1109)
at org.testng.TestNG.runSuites(TestNG.java:1039)
at org.testng.TestNG.run(TestNG.java:1007)
at org.testng.remote.AbstractRemoteTestNG.run(AbstractRemoteTestNG.java:115)
at org.testng.remote.RemoteTestNG.initAndRun(RemoteTestNG.java:251)
at org.testng.remote.RemoteTestNG.main(RemoteTestNG.java:77)
Caused by: org.openqa.selenium.NoSuchElementException: An element could not be located on the page using the given search parameters.
For documentation on this error, please visit: https://www.seleniumhq.org/exceptions/no_such_element.html
Build info: version: '3.141.59', revision: 'e82be7d358', time: '2018-11-14T08:17:03'
System info: host: 'Yuanhans-MacBook-Air.local', ip: 'fe80:0:0:0:1816:e212:c7b7:3299%en0', os.name: 'Mac OS X', os.arch: 'x86_64', os.version: '10.14.6', java.version: '13.0.1'
Driver info: io.appium.java_client.AppiumDriver
Capabilities {app: /Users/yuanhanxu/Documents/..., browserName: , databaseEnabled: false, deviceName: iPhone 8 Plus, javascriptEnabled: true, locationContextEnabled: false, networkConnectionEnabled: false, noRESET: false, platform: MAC, platformName: iOS, platformVersion: 13.2, sessionName: Appium, showXcodeLog: true, takesScreenshot: true, udid: 30D36B05-AE4B-417F-8FC8-909..., wdaLocalPort: 8101, webStorageEnabled: false}
Session ID: ea589133-8100-4973-9f28-877a67b7ccfb
*** Element info: {Using=-ios predicate string, value=type == 'XCUIElementTypeNavigationBar' AND label == 'Notifications'}
at java.base/jdk.internal.reflect.NativeConstructorAccessorImpl.newInstance0(Native Method)
at java.base/jdk.internal.reflect.NativeConstructorAccessorImpl.newInstance(NativeConstructorAccessorImpl.java:62)
at java.base/jdk.internal.reflect.DelegatingConstructorAccessorImpl.newInstance(DelegatingConstructorAccessorImpl.java:45)
at java.base/java.lang.reflect.Constructor.newInstanceWithCaller(Constructor.java:500)
at java.base/java.lang.reflect.Constructor.newInstance(Constructor.java:481)
at org.openqa.selenium.remote.http.W3CHttpResponseCodec.createException(W3CHttpResponseCodec.java:187)
at org.openqa.selenium.remote.http.W3CHttpResponseCodec.decode(W3CHttpResponseCodec.java:122)
at org.openqa.selenium.remote.http.W3CHttpResponseCodec.decode(W3CHttpResponseCodec.java:49)
at org.openqa.selenium.remote.HttpCommandExecutor.execute(HttpCommandExecutor.java:158)
at io.appium.java_client.remote.AppiumCommandExecutor.execute(AppiumCommandExecutor.java:239)
at org.openqa.selenium.remote.RemoteWebDriver.execute(RemoteWebDriver.java:552)
at io.appium.java_client.DefaultGenericMobileDriver.execute(DefaultGenericMobileDriver.java:41)
at io.appium.java_client.AppiumDriver.execute(AppiumDriver.java:1)
at org.openqa.selenium.remote.RemoteWebDriver.findElement(RemoteWebDriver.java:323)
at io.appium.java_client.DefaultGenericMobileDriver.findElement(DefaultGenericMobileDriver.java:61)
at io.appium.java_client.AppiumDriver.findElement(AppiumDriver.java:1)
at io.appium.java_client.MobileBy.findElement(MobileBy.java:61)
at io.appium.java_client.MobileBy$ByIosNsPredicate.findElement(MobileBy.java:458)
at org.openqa.selenium.remote.RemoteWebDriver.findElement(RemoteWebDriver.java:315)
at io.appium.java_client.DefaultGenericMobileDriver.findElement(DefaultGenericMobileDriver.java:57)
at io.appium.java_client.AppiumDriver.findElement(AppiumDriver.java:1)
at org.openqa.selenium.support.ui.ExpectedConditions$7.apply(ExpectedConditions.java:205)
at org.openqa.selenium.support.ui.ExpectedConditions$7.apply(ExpectedConditions.java:201)
at org.openqa.selenium.support.ui.FluentWait.until(FluentWait.java:249)
... 29 more
]]>
    </error>
  </testcase> <!-- DiscussNotif -->
  <system-out/>
  <testcase classname="simulator.Tests_Sim" name="EditHome" time="3.587"/>
  <system-out/>
  <testcase classname="simulator.Tests_Sim" name="EditProf" time="7.203"/>
  <system-out/>
  <testcase classname="simulator.Tests_Sim" name="EditSet" time="6.450"/>
  <system-out/>
  <testcase classname="simulator.Tests_Sim" name="EditAbout" time="6.447"/>
  <system-out/>
  <testcase classname="simulator.Tests_Sim" name="TC" time="10.850"/>
  <system-out/>
  <testcase classname="simulator.Tests_Sim" name="Privacy" time="10.443"/>
  <system-out/>
</testsuite> <!-- simulator.Tests_Sim -->
