<?xml version="1.0" encoding="UTF-8"?>
<!-- Generated by org.testng.reporters.JUnitXMLReporter -->
<testsuite ignored="0" hostname="Yuanhans-MacBook-Air.local" failures="3" tests="4" name="iOS" time="38.337" errors="0" timestamp="2020-01-01T15:18:04 EST">
  <testcase classname="iOS.tests_iOS" name="login1" time="1.023"/>
  <testcase classname="iOS.tests_iOS" name="test_2" time="0.205">
    <failure type="org.openqa.selenium.NoSuchElementException" message="An element could not be located on the page using the given search parameters.
For documentation on this error, please visit: https://www.seleniumhq.org/exceptions/no_such_element.html
Build info: version: &amp;apos;3.141.59&amp;apos;, revision: &amp;apos;e82be7d358&amp;apos;, time: &amp;apos;2018-11-14T08:17:03&amp;apos;
System info: host: &amp;apos;Yuanhans-MacBook-Air.local&amp;apos;, ip: &amp;apos;fe80:0:0:0:1851:e74e:b11:edcb%en0&amp;apos;, os.name: &amp;apos;Mac OS X&amp;apos;, os.arch: &amp;apos;x86_64&amp;apos;, os.version: &amp;apos;10.14.6&amp;apos;, java.version: &amp;apos;13.0.1&amp;apos;
Driver info: io.appium.java_client.AppiumDriver
Capabilities {app: /Users/kobiton/Library/Appl..., appOS: IOS, appUrl: https://kobiton-us-east.s3...., appVersionId: 52785, automationName: XCUITest, browserName: , captureScreenshots: true, databaseEnabled: false, deviceGroup: KOBITON, deviceName: iPhone XS Max, deviceOrientation: portrait, fullReset: false, groupId: 838, javascriptEnabled: true, kobitonSessionId: 1302542, launchTimeout: 20000, locationContextEnabled: false, networkConnectionEnabled: false, noReset: true, orientation: PORTRAIT, platform: MAC, platformName: iOS, platformVersion: 12.1, sessionDescription: , sessionName: Automation test session, takesScreenshot: true, udid: 00008020-00161832229A002E, useNewWDA: true, useXctestrunFile: true, versions: {appiumVersion: 1.14.2, nodeVersion: v10.11.0}, wdaLocalPort: 49447, webStorageEnabled: false, xctestrunFilePath: /Users/kobiton/Library/Appl...}
Session ID: d8621664-59b2-4832-9c0f-80f72accfa08
*** Element info: {Using=id, value=73000000-0000-0000-A90A-000000000000}">
      <![CDATA[org.openqa.selenium.NoSuchElementException: An element could not be located on the page using the given search parameters.
For documentation on this error, please visit: https://www.seleniumhq.org/exceptions/no_such_element.html
Build info: version: '3.141.59', revision: 'e82be7d358', time: '2018-11-14T08:17:03'
System info: host: 'Yuanhans-MacBook-Air.local', ip: 'fe80:0:0:0:1851:e74e:b11:edcb%en0', os.name: 'Mac OS X', os.arch: 'x86_64', os.version: '10.14.6', java.version: '13.0.1'
Driver info: io.appium.java_client.AppiumDriver
Capabilities {app: /Users/kobiton/Library/Appl..., appOS: IOS, appUrl: https://kobiton-us-east.s3...., appVersionId: 52785, automationName: XCUITest, browserName: , captureScreenshots: true, databaseEnabled: false, deviceGroup: KOBITON, deviceName: iPhone XS Max, deviceOrientation: portrait, fullReset: false, groupId: 838, javascriptEnabled: true, kobitonSessionId: 1302542, launchTimeout: 20000, locationContextEnabled: false, networkConnectionEnabled: false, noReset: true, orientation: PORTRAIT, platform: MAC, platformName: iOS, platformVersion: 12.1, sessionDescription: , sessionName: Automation test session, takesScreenshot: true, udid: 00008020-00161832229A002E, useNewWDA: true, useXctestrunFile: true, versions: {appiumVersion: 1.14.2, nodeVersion: v10.11.0}, wdaLocalPort: 49447, webStorageEnabled: false, xctestrunFilePath: /Users/kobiton/Library/Appl...}
Session ID: d8621664-59b2-4832-9c0f-80f72accfa08
*** Element info: {Using=id, value=73000000-0000-0000-A90A-000000000000}
at org.openqa.selenium.remote.http.W3CHttpResponseCodec.createException(W3CHttpResponseCodec.java:187)
at org.openqa.selenium.remote.http.W3CHttpResponseCodec.decode(W3CHttpResponseCodec.java:122)
at org.openqa.selenium.remote.http.W3CHttpResponseCodec.decode(W3CHttpResponseCodec.java:49)
at org.openqa.selenium.remote.HttpCommandExecutor.execute(HttpCommandExecutor.java:158)
at io.appium.java_client.remote.AppiumCommandExecutor.execute(AppiumCommandExecutor.java:239)
at org.openqa.selenium.remote.RemoteWebDriver.execute(RemoteWebDriver.java:552)
at io.appium.java_client.DefaultGenericMobileDriver.execute(DefaultGenericMobileDriver.java:41)
at io.appium.java_client.AppiumDriver.execute(AppiumDriver.java:1)
at org.openqa.selenium.remote.RemoteWebDriver.findElement(RemoteWebDriver.java:323)
at io.appium.java_client.DefaultGenericMobileDriver.findElement(DefaultGenericMobileDriver.java:61)
at io.appium.java_client.AppiumDriver.findElement(AppiumDriver.java:1)
at org.openqa.selenium.remote.RemoteWebDriver.findElementById(RemoteWebDriver.java:372)
at io.appium.java_client.DefaultGenericMobileDriver.findElementById(DefaultGenericMobileDriver.java:69)
at io.appium.java_client.AppiumDriver.findElementById(AppiumDriver.java:1)
at org.openqa.selenium.By$ById.findElement(By.java:188)
at org.openqa.selenium.remote.RemoteWebDriver.findElement(RemoteWebDriver.java:315)
at io.appium.java_client.DefaultGenericMobileDriver.findElement(DefaultGenericMobileDriver.java:57)
at io.appium.java_client.AppiumDriver.findElement(AppiumDriver.java:1)
at iOS.tests_iOS.test_2(tests_iOS.java:25)
at java.base/java.util.ArrayList.forEach(ArrayList.java:1507)
... Removed 32 stack frames]]>
    </failure>
  </testcase> <!-- test_2 -->
  <testcase classname="iOS.tests_iOS" name="test_3" time="8.496">
    <failure type="org.openqa.selenium.ElementNotVisibleException" message="The element &amp;apos;&amp;quot;backArrow&amp;quot; Button&amp;apos; is not visible on the screen and thus is not interactable
Build info: version: &amp;apos;3.141.59&amp;apos;, revision: &amp;apos;e82be7d358&amp;apos;, time: &amp;apos;2018-11-14T08:17:03&amp;apos;
System info: host: &amp;apos;Yuanhans-MacBook-Air.local&amp;apos;, ip: &amp;apos;fe80:0:0:0:1851:e74e:b11:edcb%en0&amp;apos;, os.name: &amp;apos;Mac OS X&amp;apos;, os.arch: &amp;apos;x86_64&amp;apos;, os.version: &amp;apos;10.14.6&amp;apos;, java.version: &amp;apos;13.0.1&amp;apos;
Driver info: io.appium.java_client.AppiumDriver
Capabilities {app: /Users/kobiton/Library/Appl..., appOS: IOS, appUrl: https://kobiton-us-east.s3...., appVersionId: 52785, automationName: XCUITest, browserName: , captureScreenshots: true, databaseEnabled: false, deviceGroup: KOBITON, deviceName: iPhone XS Max, deviceOrientation: portrait, fullReset: false, groupId: 838, javascriptEnabled: true, kobitonSessionId: 1302542, launchTimeout: 20000, locationContextEnabled: false, networkConnectionEnabled: false, noReset: true, orientation: PORTRAIT, platform: MAC, platformName: iOS, platformVersion: 12.1, sessionDescription: , sessionName: Automation test session, takesScreenshot: true, udid: 00008020-00161832229A002E, useNewWDA: true, useXctestrunFile: true, versions: {appiumVersion: 1.14.2, nodeVersion: v10.11.0}, wdaLocalPort: 49447, webStorageEnabled: false, xctestrunFilePath: /Users/kobiton/Library/Appl...}
Session ID: d8621664-59b2-4832-9c0f-80f72accfa08">
      <![CDATA[org.openqa.selenium.ElementNotVisibleException: The element '"backArrow" Button' is not visible on the screen and thus is not interactable
Build info: version: '3.141.59', revision: 'e82be7d358', time: '2018-11-14T08:17:03'
System info: host: 'Yuanhans-MacBook-Air.local', ip: 'fe80:0:0:0:1851:e74e:b11:edcb%en0', os.name: 'Mac OS X', os.arch: 'x86_64', os.version: '10.14.6', java.version: '13.0.1'
Driver info: io.appium.java_client.AppiumDriver
Capabilities {app: /Users/kobiton/Library/Appl..., appOS: IOS, appUrl: https://kobiton-us-east.s3...., appVersionId: 52785, automationName: XCUITest, browserName: , captureScreenshots: true, databaseEnabled: false, deviceGroup: KOBITON, deviceName: iPhone XS Max, deviceOrientation: portrait, fullReset: false, groupId: 838, javascriptEnabled: true, kobitonSessionId: 1302542, launchTimeout: 20000, locationContextEnabled: false, networkConnectionEnabled: false, noReset: true, orientation: PORTRAIT, platform: MAC, platformName: iOS, platformVersion: 12.1, sessionDescription: , sessionName: Automation test session, takesScreenshot: true, udid: 00008020-00161832229A002E, useNewWDA: true, useXctestrunFile: true, versions: {appiumVersion: 1.14.2, nodeVersion: v10.11.0}, wdaLocalPort: 49447, webStorageEnabled: false, xctestrunFilePath: /Users/kobiton/Library/Appl...}
Session ID: d8621664-59b2-4832-9c0f-80f72accfa08
at org.openqa.selenium.remote.http.W3CHttpResponseCodec.createException(W3CHttpResponseCodec.java:187)
at org.openqa.selenium.remote.http.W3CHttpResponseCodec.decode(W3CHttpResponseCodec.java:122)
at org.openqa.selenium.remote.http.W3CHttpResponseCodec.decode(W3CHttpResponseCodec.java:49)
at org.openqa.selenium.remote.HttpCommandExecutor.execute(HttpCommandExecutor.java:158)
at io.appium.java_client.remote.AppiumCommandExecutor.execute(AppiumCommandExecutor.java:239)
at org.openqa.selenium.remote.RemoteWebDriver.execute(RemoteWebDriver.java:552)
at io.appium.java_client.DefaultGenericMobileDriver.execute(DefaultGenericMobileDriver.java:41)
at io.appium.java_client.AppiumDriver.execute(AppiumDriver.java:1)
at org.openqa.selenium.remote.RemoteWebElement.execute(RemoteWebElement.java:285)
at io.appium.java_client.DefaultGenericMobileElement.execute(DefaultGenericMobileElement.java:45)
at io.appium.java_client.MobileElement.execute(MobileElement.java:1)
at io.appium.java_client.ios.IOSElement.execute(IOSElement.java:1)
at org.openqa.selenium.remote.RemoteWebElement.sendKeys(RemoteWebElement.java:106)
at iOS.tests_iOS.test_3(tests_iOS.java:35)
at java.base/java.util.ArrayList.forEach(ArrayList.java:1507)
... Removed 32 stack frames]]>
    </failure>
  </testcase> <!-- test_3 -->
  <testcase classname="iOS.tests_iOS" name="test_4" time="0.181">
    <failure type="org.openqa.selenium.NoSuchElementException" message="An element could not be located on the page using the given search parameters.
For documentation on this error, please visit: https://www.seleniumhq.org/exceptions/no_such_element.html
Build info: version: &amp;apos;3.141.59&amp;apos;, revision: &amp;apos;e82be7d358&amp;apos;, time: &amp;apos;2018-11-14T08:17:03&amp;apos;
System info: host: &amp;apos;Yuanhans-MacBook-Air.local&amp;apos;, ip: &amp;apos;fe80:0:0:0:1851:e74e:b11:edcb%en0&amp;apos;, os.name: &amp;apos;Mac OS X&amp;apos;, os.arch: &amp;apos;x86_64&amp;apos;, os.version: &amp;apos;10.14.6&amp;apos;, java.version: &amp;apos;13.0.1&amp;apos;
Driver info: io.appium.java_client.AppiumDriver
Capabilities {app: /Users/kobiton/Library/Appl..., appOS: IOS, appUrl: https://kobiton-us-east.s3...., appVersionId: 52785, automationName: XCUITest, browserName: , captureScreenshots: true, databaseEnabled: false, deviceGroup: KOBITON, deviceName: iPhone XS Max, deviceOrientation: portrait, fullReset: false, groupId: 838, javascriptEnabled: true, kobitonSessionId: 1302542, launchTimeout: 20000, locationContextEnabled: false, networkConnectionEnabled: false, noReset: true, orientation: PORTRAIT, platform: MAC, platformName: iOS, platformVersion: 12.1, sessionDescription: , sessionName: Automation test session, takesScreenshot: true, udid: 00008020-00161832229A002E, useNewWDA: true, useXctestrunFile: true, versions: {appiumVersion: 1.14.2, nodeVersion: v10.11.0}, wdaLocalPort: 49447, webStorageEnabled: false, xctestrunFilePath: /Users/kobiton/Library/Appl...}
Session ID: d8621664-59b2-4832-9c0f-80f72accfa08
*** Element info: {Using=name, value=Log in}">
      <![CDATA[org.openqa.selenium.NoSuchElementException: An element could not be located on the page using the given search parameters.
For documentation on this error, please visit: https://www.seleniumhq.org/exceptions/no_such_element.html
Build info: version: '3.141.59', revision: 'e82be7d358', time: '2018-11-14T08:17:03'
System info: host: 'Yuanhans-MacBook-Air.local', ip: 'fe80:0:0:0:1851:e74e:b11:edcb%en0', os.name: 'Mac OS X', os.arch: 'x86_64', os.version: '10.14.6', java.version: '13.0.1'
Driver info: io.appium.java_client.AppiumDriver
Capabilities {app: /Users/kobiton/Library/Appl..., appOS: IOS, appUrl: https://kobiton-us-east.s3...., appVersionId: 52785, automationName: XCUITest, browserName: , captureScreenshots: true, databaseEnabled: false, deviceGroup: KOBITON, deviceName: iPhone XS Max, deviceOrientation: portrait, fullReset: false, groupId: 838, javascriptEnabled: true, kobitonSessionId: 1302542, launchTimeout: 20000, locationContextEnabled: false, networkConnectionEnabled: false, noReset: true, orientation: PORTRAIT, platform: MAC, platformName: iOS, platformVersion: 12.1, sessionDescription: , sessionName: Automation test session, takesScreenshot: true, udid: 00008020-00161832229A002E, useNewWDA: true, useXctestrunFile: true, versions: {appiumVersion: 1.14.2, nodeVersion: v10.11.0}, wdaLocalPort: 49447, webStorageEnabled: false, xctestrunFilePath: /Users/kobiton/Library/Appl...}
Session ID: d8621664-59b2-4832-9c0f-80f72accfa08
*** Element info: {Using=name, value=Log in}
at org.openqa.selenium.remote.http.W3CHttpResponseCodec.createException(W3CHttpResponseCodec.java:187)
at org.openqa.selenium.remote.http.W3CHttpResponseCodec.decode(W3CHttpResponseCodec.java:122)
at org.openqa.selenium.remote.http.W3CHttpResponseCodec.decode(W3CHttpResponseCodec.java:49)
at org.openqa.selenium.remote.HttpCommandExecutor.execute(HttpCommandExecutor.java:158)
at io.appium.java_client.remote.AppiumCommandExecutor.execute(AppiumCommandExecutor.java:239)
at org.openqa.selenium.remote.RemoteWebDriver.execute(RemoteWebDriver.java:552)
at io.appium.java_client.DefaultGenericMobileDriver.execute(DefaultGenericMobileDriver.java:41)
at io.appium.java_client.AppiumDriver.execute(AppiumDriver.java:1)
at org.openqa.selenium.remote.RemoteWebDriver.findElement(RemoteWebDriver.java:323)
at io.appium.java_client.DefaultGenericMobileDriver.findElement(DefaultGenericMobileDriver.java:61)
at io.appium.java_client.AppiumDriver.findElement(AppiumDriver.java:1)
at org.openqa.selenium.remote.RemoteWebDriver.findElementByName(RemoteWebDriver.java:404)
at io.appium.java_client.DefaultGenericMobileDriver.findElementByName(DefaultGenericMobileDriver.java:117)
at io.appium.java_client.AppiumDriver.findElementByName(AppiumDriver.java:1)
at org.openqa.selenium.By$ByName.findElement(By.java:284)
at org.openqa.selenium.remote.RemoteWebDriver.findElement(RemoteWebDriver.java:315)
at io.appium.java_client.DefaultGenericMobileDriver.findElement(DefaultGenericMobileDriver.java:57)
at io.appium.java_client.AppiumDriver.findElement(AppiumDriver.java:1)
at iOS.tests_iOS.test_4(tests_iOS.java:42)
at java.base/java.util.ArrayList.forEach(ArrayList.java:1507)
... Removed 32 stack frames]]>
    </failure>
  </testcase> <!-- test_4 -->
</testsuite> <!-- iOS -->
